<?xml version="1.0" encoding="UTF-8"?>
<testsuite xmlns:xsi="http://www.w3.org/2001/XMLSchema-instance" xsi:schemaLocation="https://maven.apache.org/surefire/maven-surefire-plugin/xsd/surefire-test-report.xsd" name="pl.polsl.TaskManagerTest" time="0.223" tests="24" errors="0" skipped="0" failures="0">
  <properties>
[...]
</properties>
  <testcase name="testShouldThrowExceptionWhenTriedToRemoveNonExistingTask{String, String, String, String, String, String}[1]" classname="pl.polsl.TaskManagerTest" time="0.17"/>
  <testcase name="testShouldThrowExceptionWhenTriedToRemoveNonExistingTask{String, String, String, String, String, String}[2]" classname="pl.polsl.TaskManagerTest" time="0"/>
  <testcase name="testShouldThrowExceptionWhenTriedToRemoveNonExistingTask{String, String, String, String, String, String}[3]" classname="pl.polsl.TaskManagerTest" time="0.001"/>
  <testcase name="testShouldThrowExceptionWhenTriedToRemoveNonExistingTask{String, String, String, String, String, String}[4]" classname="pl.polsl.TaskManagerTest" time="0"/>
  <testcase name="testShouldRemovePerson{String, String, String, String, String, String}[1]" classname="pl.polsl.TaskManagerTest" time="0.001"/>
  <testcase name="testShouldRemovePerson{String, String, String, String, String, String}[2]" classname="pl.polsl.TaskManagerTest" time="0"/>
  <testcase name="testShouldRemovePerson{String, String, String, String, String, String}[3]" classname="pl.polsl.TaskManagerTest" time="0.001"/>
  <testcase name="testShouldRemovePerson{String, String, String, String, String, String}[4]" classname="pl.polsl.TaskManagerTest" time="0"/>
  <testcase name="testShouldNotAllowToAddTaskWithTheSameID{String, String, String, String, String}[1]" classname="pl.polsl.TaskManagerTest" time="0.001"/>
  <testcase name="testShouldNotAllowToAddTaskWithTheSameID{String, String, String, String, String}[2]" classname="pl.polsl.TaskManagerTest" time="0"/>
  <testcase name="testShouldNotAllowToAddTaskWithTheSameID{String, String, String, String, String}[3]" classname="pl.polsl.TaskManagerTest" time="0.001"/>
  <testcase name="testShouldNotAllowToAddTaskWithTheSameID{String, String, String, String, String}[4]" classname="pl.polsl.TaskManagerTest" time="0"/>
  <testcase name="testShouldAddTask{String, String, String, String, String}[1]" classname="pl.polsl.TaskManagerTest" time="0"/>
  <testcase name="testShouldAddTask{String, String, String, String, String}[2]" classname="pl.polsl.TaskManagerTest" time="0"/>
  <testcase name="testShouldAddTask{String, String, String, String, String}[3]" classname="pl.polsl.TaskManagerTest" time="0.002"/>
  <testcase name="testShouldAddTask{String, String, String, String, String}[4]" classname="pl.polsl.TaskManagerTest" time="0"/>
  <testcase name="testShouldThrowExceptionWhenTriedToGetNonExistingTask{String, String, String, String, String, String}[1]" classname="pl.polsl.TaskManagerTest" time="0.001"/>
  <testcase name="testShouldThrowExceptionWhenTriedToGetNonExistingTask{String, String, String, String, String, String}[2]" classname="pl.polsl.TaskManagerTest" time="0"/>
  <testcase name="testShouldThrowExceptionWhenTriedToGetNonExistingTask{String, String, String, String, String, String}[3]" classname="pl.polsl.TaskManagerTest" time="0.004"/>
  <testcase name="testShouldThrowExceptionWhenTriedToGetNonExistingTask{String, String, String, String, String, String}[4]" classname="pl.polsl.TaskManagerTest" time="0.001"/>
  <testcase name="testShouldGetTask{String, String, String, String, String, String}[1]" classname="pl.polsl.TaskManagerTest" time="0.002"/>
  <testcase name="testShouldGetTask{String, String, String, String, String, String}[2]" classname="pl.polsl.TaskManagerTest" time="0.001"/>
  <testcase name="testShouldGetTask{String, String, String, String, String, String}[3]" classname="pl.polsl.TaskManagerTest" time="0"/>
  <testcase name="testShouldGetTask{String, String, String, String, String, String}[4]" classname="pl.polsl.TaskManagerTest" time="0"/>
</testsuite>